<?xml version="1.0" encoding="UTF-8"?>
<testsuite name="org.dxworks.dxplatform.plugins.insider.utils.transformers.JsonToCsvTransformerTest" tests="3" skipped="0" failures="0" errors="0" timestamp="2021-03-06T22:15:57" hostname="LAPTOP-TMR1J73S" time="0.0">
  <properties/>
  <testcase name="diagnoseJsonFile" classname="org.dxworks.dxplatform.plugins.insider.utils.transformers.JsonToCsvTransformerTest" time="0.0"/>
  <testcase name="addCsvFileToJson" classname="org.dxworks.dxplatform.plugins.insider.utils.transformers.JsonToCsvTransformerTest" time="0.0"/>
  <testcase name="transformJsonFileToCsv" classname="org.dxworks.dxplatform.plugins.insider.utils.transformers.JsonToCsvTransformerTest" time="0.0"/>
  <system-out><![CDATA[]]></system-out>
  <system-err><![CDATA[]]></system-err>
</testsuite>
