<?xml version="1.0" encoding="UTF-8"?>
<testsuite name="org.dxworks.dxplatform.plugins.insider.technology.finder.parsers.FingerprintsXmlParserTest" tests="1" skipped="0" failures="0" errors="0" timestamp="2021-03-06T22:15:57" hostname="LAPTOP-TMR1J73S" time="0.008">
  <properties/>
  <testcase name="parseString" classname="org.dxworks.dxplatform.plugins.insider.technology.finder.parsers.FingerprintsXmlParserTest" time="0.008"/>
  <system-out><![CDATA[]]></system-out>
  <system-err><![CDATA[]]></system-err>
</testsuite>
